๐ Starting Comet DevOps Platform Services...
๐งน Cleaning up existing services...
โ๏ธ  Killing existing process on port 3030
๐ Starting Metrics Service on port 9090...
โณ Waiting for metrics service to initialize...

> @comet/services@1.0.0 dev:metrics
> ts-node-dev --respawn metrics-service.ts

[INFO] 00:54:38 ts-node-dev ver. 2.0.0 (using ts-node ver. 10.9.2, typescript ver. 5.9.3)
โ Failed to start Metrics Service

โโโโโโโโโโโโโโโโโโโโโโโโโโโโโโโโโโโโโโโโโโโโโโโโโโโโโโโโโโโโโโ
โ               ๐ METRICS & ANALYTICS SERVICE               โ
โโโโโโโโโโโโโโโโโโโโโโโโโโโโโโโโโโโโโโโโโโโโโโโโโโโโโโโโโโโโโโฃ
โ Status: โ RUNNING                                         โ
โ Port: 9090                                                 โ
โ ENVIRONMENT: DEVELOPMENT                                   โ
โ Version: 1.0.0                                             โ
โ                                                            โ
โ ๐ KPIs API: http://localhost:9090/api/metrics/kpis        โ
โ ๐ Pipelines: http://localhost:9090/api/metrics/pipelines  โ
โ ๐ Activities: http://localhost:9090/api/metrics/activitiโฆ โ
โ ๐ก WebSocket: ws://localhost:9090 (Real-time updates)      โ
โโโโโโโโโโโโโโโโโโโโโโโโโโโโโโโโโโโโโโโโโโโโโโโโโโโโโโโโโโโโโโ

